{"C:\\Users\\jose encarnacion\\proyecto_pipeline\\src\\utils\\suma.js": {"path":"C:\\Users\\jose encarnacion\\proyecto_pipeline\\src\\utils\\suma.js","statementMap":{"0":{"start":{"line":2,"column":4},"end":{"line":2,"column":17}},"1":{"start":{"line":5,"column":2},"end":{"line":5,"column":24}}},"fnMap":{"0":{"name":"suma","decl":{"start":{"line":1,"column":9},"end":{"line":1,"column":13}},"loc":{"start":{"line":1,"column":20},"end":{"line":3,"column":3}},"line":1}},"branchMap":{},"s":{"0":3,"1":3},"f":{"0":3},"b":{},"_coverageSchema":"1a1c01bbd47fc00a2c39e90264f33305004495a9","hash":"fdd2448098d25399136722abc83e217d45573a65"}
}
